INFO  - 2013-12-09 23:03:32.205; org.eclipse.jetty.server.Server; jetty-8.1.10.v20130312
INFO  - 2013-12-09 23:03:32.227; org.eclipse.jetty.deploy.providers.ScanningAppProvider; Deployment monitor /Users/xinghao/Downloads/solr-4.6.0/example/contexts at interval 0
INFO  - 2013-12-09 23:03:32.233; org.eclipse.jetty.deploy.DeploymentManager; Deployable added: /Users/xinghao/Downloads/solr-4.6.0/example/contexts/solr-jetty-context.xml
INFO  - 2013-12-09 23:03:32.273; org.eclipse.jetty.webapp.WebInfConfiguration; Extract jar:file:/Users/xinghao/Downloads/solr-4.6.0/example/webapps/solr.war!/ to /Users/xinghao/Downloads/solr-4.6.0/example/solr-webapp/webapp
INFO  - 2013-12-09 23:03:34.023; org.eclipse.jetty.webapp.StandardDescriptorProcessor; NO JSP Support for /solr, did not find org.apache.jasper.servlet.JspServlet
INFO  - 2013-12-09 23:03:34.076; org.apache.solr.servlet.SolrDispatchFilter; SolrDispatchFilter.init()
INFO  - 2013-12-09 23:03:34.127; org.apache.solr.core.SolrResourceLoader; JNDI not configured for solr (NoInitialContextEx)
INFO  - 2013-12-09 23:03:34.128; org.apache.solr.core.SolrResourceLoader; solr home defaulted to 'solr/' (could not find system property or JNDI)
INFO  - 2013-12-09 23:03:34.128; org.apache.solr.core.SolrResourceLoader; new SolrResourceLoader for directory: 'solr/'
INFO  - 2013-12-09 23:03:34.238; org.apache.solr.core.ConfigSolr; Loading container configuration from /Users/xinghao/Downloads/solr-4.6.0/example/solr/solr.xml
INFO  - 2013-12-09 23:03:34.409; org.apache.solr.core.ConfigSolrXml; Config-defined core root directory: 
INFO  - 2013-12-09 23:03:34.433; org.apache.solr.core.CoreContainer; New CoreContainer 200426125
INFO  - 2013-12-09 23:03:34.433; org.apache.solr.core.CoreContainer; Loading cores into CoreContainer [instanceDir=solr/]
INFO  - 2013-12-09 23:03:34.444; org.apache.solr.handler.component.HttpShardHandlerFactory; Setting socketTimeout to: 0
INFO  - 2013-12-09 23:03:34.445; org.apache.solr.handler.component.HttpShardHandlerFactory; Setting urlScheme to: http://
INFO  - 2013-12-09 23:03:34.445; org.apache.solr.handler.component.HttpShardHandlerFactory; Setting connTimeout to: 0
INFO  - 2013-12-09 23:03:34.447; org.apache.solr.handler.component.HttpShardHandlerFactory; Setting maxConnectionsPerHost to: 20
INFO  - 2013-12-09 23:03:34.447; org.apache.solr.handler.component.HttpShardHandlerFactory; Setting corePoolSize to: 0
INFO  - 2013-12-09 23:03:34.447; org.apache.solr.handler.component.HttpShardHandlerFactory; Setting maximumPoolSize to: 2147483647
INFO  - 2013-12-09 23:03:34.448; org.apache.solr.handler.component.HttpShardHandlerFactory; Setting maxThreadIdleTime to: 5
INFO  - 2013-12-09 23:03:34.448; org.apache.solr.handler.component.HttpShardHandlerFactory; Setting sizeOfQueue to: -1
INFO  - 2013-12-09 23:03:34.448; org.apache.solr.handler.component.HttpShardHandlerFactory; Setting fairnessPolicy to: false
INFO  - 2013-12-09 23:03:34.606; org.apache.solr.logging.LogWatcher; SLF4J impl is org.slf4j.impl.Log4jLoggerFactory
INFO  - 2013-12-09 23:03:34.607; org.apache.solr.logging.LogWatcher; Registering Log Listener [Log4j (org.slf4j.impl.Log4jLoggerFactory)]
INFO  - 2013-12-09 23:03:34.638; org.apache.solr.core.CorePropertiesLocator; Looking for core definitions underneath /Users/xinghao/Downloads/solr-4.6.0/example/solr
INFO  - 2013-12-09 23:03:34.652; org.apache.solr.core.CorePropertiesLocator; Found core collection1 in /Users/xinghao/Downloads/solr-4.6.0/example/solr/collection1/
INFO  - 2013-12-09 23:03:34.652; org.apache.solr.core.CorePropertiesLocator; Found 1 core definitions
INFO  - 2013-12-09 23:03:34.654; org.apache.solr.core.CoreContainer; Creating SolrCore 'collection1' using instanceDir: /Users/xinghao/Downloads/solr-4.6.0/example/solr/collection1
INFO  - 2013-12-09 23:03:34.654; org.apache.solr.core.SolrResourceLoader; new SolrResourceLoader for directory: '/Users/xinghao/Downloads/solr-4.6.0/example/solr/collection1/'
INFO  - 2013-12-09 23:03:34.721; org.apache.solr.core.SolrConfig; Adding specified lib dirs to ClassLoader
INFO  - 2013-12-09 23:03:34.722; org.apache.solr.core.SolrResourceLoader; Adding 'file:/Users/xinghao/Downloads/solr-4.6.0/contrib/extraction/lib/apache-mime4j-core-0.7.2.jar' to classloader
INFO  - 2013-12-09 23:03:34.723; org.apache.solr.core.SolrResourceLoader; Adding 'file:/Users/xinghao/Downloads/solr-4.6.0/contrib/extraction/lib/apache-mime4j-dom-0.7.2.jar' to classloader
INFO  - 2013-12-09 23:03:34.723; org.apache.solr.core.SolrResourceLoader; Adding 'file:/Users/xinghao/Downloads/solr-4.6.0/contrib/extraction/lib/bcmail-jdk15-1.45.jar' to classloader
INFO  - 2013-12-09 23:03:34.723; org.apache.solr.core.SolrResourceLoader; Adding 'file:/Users/xinghao/Downloads/solr-4.6.0/contrib/extraction/lib/bcprov-jdk15-1.45.jar' to classloader
INFO  - 2013-12-09 23:03:34.723; org.apache.solr.core.SolrResourceLoader; Adding 'file:/Users/xinghao/Downloads/solr-4.6.0/contrib/extraction/lib/boilerpipe-1.1.0.jar' to classloader
INFO  - 2013-12-09 23:03:34.724; org.apache.solr.core.SolrResourceLoader; Adding 'file:/Users/xinghao/Downloads/solr-4.6.0/contrib/extraction/lib/commons-compress-1.4.1.jar' to classloader
INFO  - 2013-12-09 23:03:34.724; org.apache.solr.core.SolrResourceLoader; Adding 'file:/Users/xinghao/Downloads/solr-4.6.0/contrib/extraction/lib/dom4j-1.6.1.jar' to classloader
INFO  - 2013-12-09 23:03:34.724; org.apache.solr.core.SolrResourceLoader; Adding 'file:/Users/xinghao/Downloads/solr-4.6.0/contrib/extraction/lib/fontbox-1.8.1.jar' to classloader
INFO  - 2013-12-09 23:03:34.724; org.apache.solr.core.SolrResourceLoader; Adding 'file:/Users/xinghao/Downloads/solr-4.6.0/contrib/extraction/lib/icu4j-49.1.jar' to classloader
INFO  - 2013-12-09 23:03:34.725; org.apache.solr.core.SolrResourceLoader; Adding 'file:/Users/xinghao/Downloads/solr-4.6.0/contrib/extraction/lib/isoparser-1.0-RC-1.jar' to classloader
INFO  - 2013-12-09 23:03:34.725; org.apache.solr.core.SolrResourceLoader; Adding 'file:/Users/xinghao/Downloads/solr-4.6.0/contrib/extraction/lib/jdom-1.0.jar' to classloader
INFO  - 2013-12-09 23:03:34.725; org.apache.solr.core.SolrResourceLoader; Adding 'file:/Users/xinghao/Downloads/solr-4.6.0/contrib/extraction/lib/jempbox-1.8.1.jar' to classloader
INFO  - 2013-12-09 23:03:34.725; org.apache.solr.core.SolrResourceLoader; Adding 'file:/Users/xinghao/Downloads/solr-4.6.0/contrib/extraction/lib/juniversalchardet-1.0.3.jar' to classloader
INFO  - 2013-12-09 23:03:34.726; org.apache.solr.core.SolrResourceLoader; Adding 'file:/Users/xinghao/Downloads/solr-4.6.0/contrib/extraction/lib/metadata-extractor-2.6.2.jar' to classloader
INFO  - 2013-12-09 23:03:34.726; org.apache.solr.core.SolrResourceLoader; Adding 'file:/Users/xinghao/Downloads/solr-4.6.0/contrib/extraction/lib/netcdf-4.2-min.jar' to classloader
INFO  - 2013-12-09 23:03:34.726; org.apache.solr.core.SolrResourceLoader; Adding 'file:/Users/xinghao/Downloads/solr-4.6.0/contrib/extraction/lib/pdfbox-1.8.1.jar' to classloader
INFO  - 2013-12-09 23:03:34.726; org.apache.solr.core.SolrResourceLoader; Adding 'file:/Users/xinghao/Downloads/solr-4.6.0/contrib/extraction/lib/poi-3.9.jar' to classloader
INFO  - 2013-12-09 23:03:34.726; org.apache.solr.core.SolrResourceLoader; Adding 'file:/Users/xinghao/Downloads/solr-4.6.0/contrib/extraction/lib/poi-ooxml-3.9.jar' to classloader
INFO  - 2013-12-09 23:03:34.727; org.apache.solr.core.SolrResourceLoader; Adding 'file:/Users/xinghao/Downloads/solr-4.6.0/contrib/extraction/lib/poi-ooxml-schemas-3.9.jar' to classloader
INFO  - 2013-12-09 23:03:34.727; org.apache.solr.core.SolrResourceLoader; Adding 'file:/Users/xinghao/Downloads/solr-4.6.0/contrib/extraction/lib/poi-scratchpad-3.9.jar' to classloader
INFO  - 2013-12-09 23:03:34.727; org.apache.solr.core.SolrResourceLoader; Adding 'file:/Users/xinghao/Downloads/solr-4.6.0/contrib/extraction/lib/rome-0.9.jar' to classloader
INFO  - 2013-12-09 23:03:34.727; org.apache.solr.core.SolrResourceLoader; Adding 'file:/Users/xinghao/Downloads/solr-4.6.0/contrib/extraction/lib/tagsoup-1.2.1.jar' to classloader
INFO  - 2013-12-09 23:03:34.728; org.apache.solr.core.SolrResourceLoader; Adding 'file:/Users/xinghao/Downloads/solr-4.6.0/contrib/extraction/lib/tika-core-1.4.jar' to classloader
INFO  - 2013-12-09 23:03:34.728; org.apache.solr.core.SolrResourceLoader; Adding 'file:/Users/xinghao/Downloads/solr-4.6.0/contrib/extraction/lib/tika-parsers-1.4.jar' to classloader
INFO  - 2013-12-09 23:03:34.728; org.apache.solr.core.SolrResourceLoader; Adding 'file:/Users/xinghao/Downloads/solr-4.6.0/contrib/extraction/lib/vorbis-java-core-0.1.jar' to classloader
INFO  - 2013-12-09 23:03:34.728; org.apache.solr.core.SolrResourceLoader; Adding 'file:/Users/xinghao/Downloads/solr-4.6.0/contrib/extraction/lib/vorbis-java-tika-0.1.jar' to classloader
INFO  - 2013-12-09 23:03:34.728; org.apache.solr.core.SolrResourceLoader; Adding 'file:/Users/xinghao/Downloads/solr-4.6.0/contrib/extraction/lib/xercesImpl-2.9.1.jar' to classloader
INFO  - 2013-12-09 23:03:34.729; org.apache.solr.core.SolrResourceLoader; Adding 'file:/Users/xinghao/Downloads/solr-4.6.0/contrib/extraction/lib/xmlbeans-2.3.0.jar' to classloader
INFO  - 2013-12-09 23:03:34.729; org.apache.solr.core.SolrResourceLoader; Adding 'file:/Users/xinghao/Downloads/solr-4.6.0/contrib/extraction/lib/xz-1.0.jar' to classloader
INFO  - 2013-12-09 23:03:34.730; org.apache.solr.core.SolrResourceLoader; Adding 'file:/Users/xinghao/Downloads/solr-4.6.0/dist/solr-cell-4.6.0.jar' to classloader
INFO  - 2013-12-09 23:03:34.731; org.apache.solr.core.SolrResourceLoader; Adding 'file:/Users/xinghao/Downloads/solr-4.6.0/contrib/clustering/lib/attributes-binder-1.2.0.jar' to classloader
INFO  - 2013-12-09 23:03:34.731; org.apache.solr.core.SolrResourceLoader; Adding 'file:/Users/xinghao/Downloads/solr-4.6.0/contrib/clustering/lib/carrot2-mini-3.8.0.jar' to classloader
INFO  - 2013-12-09 23:03:34.731; org.apache.solr.core.SolrResourceLoader; Adding 'file:/Users/xinghao/Downloads/solr-4.6.0/contrib/clustering/lib/hppc-0.5.2.jar' to classloader
INFO  - 2013-12-09 23:03:34.731; org.apache.solr.core.SolrResourceLoader; Adding 'file:/Users/xinghao/Downloads/solr-4.6.0/contrib/clustering/lib/jackson-core-asl-1.7.4.jar' to classloader
INFO  - 2013-12-09 23:03:34.731; org.apache.solr.core.SolrResourceLoader; Adding 'file:/Users/xinghao/Downloads/solr-4.6.0/contrib/clustering/lib/jackson-mapper-asl-1.7.4.jar' to classloader
INFO  - 2013-12-09 23:03:34.732; org.apache.solr.core.SolrResourceLoader; Adding 'file:/Users/xinghao/Downloads/solr-4.6.0/contrib/clustering/lib/mahout-collections-1.0.jar' to classloader
INFO  - 2013-12-09 23:03:34.732; org.apache.solr.core.SolrResourceLoader; Adding 'file:/Users/xinghao/Downloads/solr-4.6.0/contrib/clustering/lib/mahout-math-0.6.jar' to classloader
INFO  - 2013-12-09 23:03:34.732; org.apache.solr.core.SolrResourceLoader; Adding 'file:/Users/xinghao/Downloads/solr-4.6.0/contrib/clustering/lib/simple-xml-2.7.jar' to classloader
INFO  - 2013-12-09 23:03:34.733; org.apache.solr.core.SolrResourceLoader; Adding 'file:/Users/xinghao/Downloads/solr-4.6.0/dist/solr-clustering-4.6.0.jar' to classloader
INFO  - 2013-12-09 23:03:34.733; org.apache.solr.core.SolrResourceLoader; Adding 'file:/Users/xinghao/Downloads/solr-4.6.0/contrib/langid/lib/jsonic-1.2.7.jar' to classloader
INFO  - 2013-12-09 23:03:34.734; org.apache.solr.core.SolrResourceLoader; Adding 'file:/Users/xinghao/Downloads/solr-4.6.0/contrib/langid/lib/langdetect-1.1-20120112.jar' to classloader
INFO  - 2013-12-09 23:03:34.734; org.apache.solr.core.SolrResourceLoader; Adding 'file:/Users/xinghao/Downloads/solr-4.6.0/dist/solr-langid-4.6.0.jar' to classloader
INFO  - 2013-12-09 23:03:34.735; org.apache.solr.core.SolrResourceLoader; Adding 'file:/Users/xinghao/Downloads/solr-4.6.0/contrib/velocity/lib/commons-beanutils-1.7.0.jar' to classloader
INFO  - 2013-12-09 23:03:34.735; org.apache.solr.core.SolrResourceLoader; Adding 'file:/Users/xinghao/Downloads/solr-4.6.0/contrib/velocity/lib/commons-collections-3.2.1.jar' to classloader
INFO  - 2013-12-09 23:03:34.735; org.apache.solr.core.SolrResourceLoader; Adding 'file:/Users/xinghao/Downloads/solr-4.6.0/contrib/velocity/lib/velocity-1.7.jar' to classloader
INFO  - 2013-12-09 23:03:34.735; org.apache.solr.core.SolrResourceLoader; Adding 'file:/Users/xinghao/Downloads/solr-4.6.0/contrib/velocity/lib/velocity-tools-2.0.jar' to classloader
INFO  - 2013-12-09 23:03:34.736; org.apache.solr.core.SolrResourceLoader; Adding 'file:/Users/xinghao/Downloads/solr-4.6.0/dist/solr-velocity-4.6.0.jar' to classloader
INFO  - 2013-12-09 23:03:34.851; org.apache.solr.update.SolrIndexConfig; IndexWriter infoStream solr logging is enabled
INFO  - 2013-12-09 23:03:34.856; org.apache.solr.core.SolrConfig; Using Lucene MatchVersion: LUCENE_46
INFO  - 2013-12-09 23:03:34.951; org.apache.solr.core.SolrConfig; Loaded SolrConfig: solrconfig.xml
INFO  - 2013-12-09 23:03:34.956; org.apache.solr.schema.IndexSchema; Reading Solr Schema from schema.xml
INFO  - 2013-12-09 23:03:35.024; org.apache.solr.schema.IndexSchema; [collection1] Schema name=example
INFO  - 2013-12-09 23:03:35.482; org.apache.solr.schema.IndexSchema; unique key field: id
INFO  - 2013-12-09 23:03:35.597; org.apache.solr.schema.FileExchangeRateProvider; Reloading exchange rates from file currency.xml
INFO  - 2013-12-09 23:03:35.603; org.apache.solr.schema.FileExchangeRateProvider; Reloading exchange rates from file currency.xml
INFO  - 2013-12-09 23:03:35.717; org.apache.solr.core.SolrCore; solr.NRTCachingDirectoryFactory
INFO  - 2013-12-09 23:03:35.722; org.apache.solr.core.SolrCore; [collection1] Opening new SolrCore at /Users/xinghao/Downloads/solr-4.6.0/example/solr/collection1/, dataDir=/Users/xinghao/Downloads/solr-4.6.0/example/solr/collection1/data/
INFO  - 2013-12-09 23:03:35.723; org.apache.solr.core.JmxMonitoredMap; No JMX servers found, not exposing Solr information with JMX.
INFO  - 2013-12-09 23:03:35.727; org.apache.solr.core.SolrCore; [collection1] Added SolrEventListener for newSearcher: org.apache.solr.core.QuerySenderListener{queries=[]}
INFO  - 2013-12-09 23:03:35.727; org.apache.solr.core.SolrCore; [collection1] Added SolrEventListener for firstSearcher: org.apache.solr.core.QuerySenderListener{queries=[{q=static firstSearcher warming in solrconfig.xml}]}
INFO  - 2013-12-09 23:03:35.736; org.apache.solr.core.CachingDirectoryFactory; return new directory for /Users/xinghao/Downloads/solr-4.6.0/example/solr/collection1/data
INFO  - 2013-12-09 23:03:35.737; org.apache.solr.core.SolrCore; New index directory detected: old=null new=/Users/xinghao/Downloads/solr-4.6.0/example/solr/collection1/data/index/
WARN  - 2013-12-09 23:03:35.737; org.apache.solr.core.SolrCore; [collection1] Solr index directory '/Users/xinghao/Downloads/solr-4.6.0/example/solr/collection1/data/index' doesn't exist. Creating new index...
INFO  - 2013-12-09 23:03:35.742; org.apache.solr.core.CachingDirectoryFactory; return new directory for /Users/xinghao/Downloads/solr-4.6.0/example/solr/collection1/data/index
INFO  - 2013-12-09 23:03:35.775; org.apache.solr.core.SolrDeletionPolicy; SolrDeletionPolicy.onCommit: commits: num=1
	commit{dir=NRTCachingDirectory(org.apache.lucene.store.NIOFSDirectory@/Users/xinghao/Downloads/solr-4.6.0/example/solr/collection1/data/index lockFactory=org.apache.lucene.store.NativeFSLockFactory@5e6e3fe4; maxCacheMB=48.0 maxMergeSizeMB=4.0),segFN=segments_1,generation=1}
INFO  - 2013-12-09 23:03:35.775; org.apache.solr.core.SolrDeletionPolicy; newest commit generation = 1
INFO  - 2013-12-09 23:03:35.779; org.apache.solr.core.SolrCore; created json: solr.JSONResponseWriter
INFO  - 2013-12-09 23:03:35.779; org.apache.solr.core.SolrCore; adding lazy queryResponseWriter: solr.VelocityResponseWriter
INFO  - 2013-12-09 23:03:35.779; org.apache.solr.core.SolrCore; created velocity: solr.VelocityResponseWriter
INFO  - 2013-12-09 23:03:35.782; org.apache.solr.core.SolrCore; created xslt: solr.XSLTResponseWriter
INFO  - 2013-12-09 23:03:35.782; org.apache.solr.response.XSLTResponseWriter; xsltCacheLifetimeSeconds=5
INFO  - 2013-12-09 23:03:35.854; org.apache.solr.core.SolrCore; no updateRequestProcessorChain defined as default, creating implicit default
INFO  - 2013-12-09 23:03:35.861; org.apache.solr.core.RequestHandlers; created /select: solr.SearchHandler
INFO  - 2013-12-09 23:03:35.861; org.apache.solr.core.RequestHandlers; created /query: solr.SearchHandler
INFO  - 2013-12-09 23:03:35.862; org.apache.solr.core.RequestHandlers; created /get: solr.RealTimeGetHandler
INFO  - 2013-12-09 23:03:35.862; org.apache.solr.core.RequestHandlers; created /browse: solr.SearchHandler
INFO  - 2013-12-09 23:03:35.864; org.apache.solr.core.RequestHandlers; created /update: solr.UpdateRequestHandler
WARN  - 2013-12-09 23:03:35.875; org.apache.solr.core.SolrResourceLoader; Solr loaded a deprecated plugin/analysis class [solr.JsonUpdateRequestHandler]. Please consult documentation how to replace it accordingly.
INFO  - 2013-12-09 23:03:35.875; org.apache.solr.core.RequestHandlers; created /update/json: solr.JsonUpdateRequestHandler
WARN  - 2013-12-09 23:03:35.877; org.apache.solr.core.SolrResourceLoader; Solr loaded a deprecated plugin/analysis class [solr.CSVRequestHandler]. Please consult documentation how to replace it accordingly.
INFO  - 2013-12-09 23:03:35.877; org.apache.solr.core.RequestHandlers; created /update/csv: solr.CSVRequestHandler
INFO  - 2013-12-09 23:03:35.877; org.apache.solr.core.RequestHandlers; adding lazy requestHandler: solr.extraction.ExtractingRequestHandler
INFO  - 2013-12-09 23:03:35.877; org.apache.solr.core.RequestHandlers; created /update/extract: solr.extraction.ExtractingRequestHandler
INFO  - 2013-12-09 23:03:35.878; org.apache.solr.core.RequestHandlers; adding lazy requestHandler: solr.FieldAnalysisRequestHandler
INFO  - 2013-12-09 23:03:35.878; org.apache.solr.core.RequestHandlers; created /analysis/field: solr.FieldAnalysisRequestHandler
INFO  - 2013-12-09 23:03:35.878; org.apache.solr.core.RequestHandlers; adding lazy requestHandler: solr.DocumentAnalysisRequestHandler
INFO  - 2013-12-09 23:03:35.878; org.apache.solr.core.RequestHandlers; created /analysis/document: solr.DocumentAnalysisRequestHandler
INFO  - 2013-12-09 23:03:35.880; org.apache.solr.core.RequestHandlers; created /admin/: solr.admin.AdminHandlers
INFO  - 2013-12-09 23:03:35.881; org.apache.solr.core.RequestHandlers; created /admin/ping: solr.PingRequestHandler
INFO  - 2013-12-09 23:03:35.883; org.apache.solr.core.RequestHandlers; created /debug/dump: solr.DumpRequestHandler
INFO  - 2013-12-09 23:03:35.889; org.apache.solr.core.RequestHandlers; created /replication: solr.ReplicationHandler
INFO  - 2013-12-09 23:03:35.889; org.apache.solr.core.RequestHandlers; adding lazy requestHandler: solr.SearchHandler
INFO  - 2013-12-09 23:03:35.889; org.apache.solr.core.RequestHandlers; created /spell: solr.SearchHandler
INFO  - 2013-12-09 23:03:35.890; org.apache.solr.core.RequestHandlers; adding lazy requestHandler: solr.SearchHandler
INFO  - 2013-12-09 23:03:35.890; org.apache.solr.core.RequestHandlers; created /tvrh: solr.SearchHandler
INFO  - 2013-12-09 23:03:35.890; org.apache.solr.core.RequestHandlers; adding lazy requestHandler: org.apache.solr.handler.js.JavaScriptRequestHandler
INFO  - 2013-12-09 23:03:35.890; org.apache.solr.core.RequestHandlers; created /js: org.apache.solr.handler.js.JavaScriptRequestHandler
INFO  - 2013-12-09 23:03:35.890; org.apache.solr.core.RequestHandlers; adding lazy requestHandler: solr.SearchHandler
INFO  - 2013-12-09 23:03:35.890; org.apache.solr.core.RequestHandlers; created /terms: solr.SearchHandler
INFO  - 2013-12-09 23:03:35.890; org.apache.solr.core.RequestHandlers; adding lazy requestHandler: solr.SearchHandler
INFO  - 2013-12-09 23:03:35.890; org.apache.solr.core.RequestHandlers; created /elevate: solr.SearchHandler
INFO  - 2013-12-09 23:03:35.903; org.apache.solr.handler.loader.XMLLoader; xsltCacheLifetimeSeconds=60
INFO  - 2013-12-09 23:03:35.905; org.apache.solr.handler.loader.XMLLoader; xsltCacheLifetimeSeconds=60
INFO  - 2013-12-09 23:03:35.906; org.apache.solr.handler.loader.XMLLoader; xsltCacheLifetimeSeconds=60
INFO  - 2013-12-09 23:03:35.919; org.apache.solr.update.CommitTracker; Hard AutoCommit: if uncommited for 15000ms; 
INFO  - 2013-12-09 23:03:35.919; org.apache.solr.update.CommitTracker; Soft AutoCommit: disabled
INFO  - 2013-12-09 23:03:35.922; org.apache.solr.core.SolrDeletionPolicy; SolrDeletionPolicy.onInit: commits: num=1
	commit{dir=NRTCachingDirectory(org.apache.lucene.store.NIOFSDirectory@/Users/xinghao/Downloads/solr-4.6.0/example/solr/collection1/data/index lockFactory=org.apache.lucene.store.NativeFSLockFactory@5e6e3fe4; maxCacheMB=48.0 maxMergeSizeMB=4.0),segFN=segments_1,generation=1}
INFO  - 2013-12-09 23:03:35.923; org.apache.solr.core.SolrDeletionPolicy; newest commit generation = 1
INFO  - 2013-12-09 23:03:35.928; org.apache.solr.search.SolrIndexSearcher; Opening Searcher@466481eb main
INFO  - 2013-12-09 23:03:35.932; org.apache.solr.handler.component.SpellCheckComponent; Initializing spell checkers
INFO  - 2013-12-09 23:03:35.937; org.apache.solr.spelling.DirectSolrSpellChecker; init: {name=default,field=text,classname=solr.DirectSolrSpellChecker,distanceMeasure=internal,accuracy=0.5,maxEdits=2,minPrefix=1,maxInspections=5,minQueryLength=4,maxQueryFrequency=0.01}
INFO  - 2013-12-09 23:03:35.942; org.apache.solr.handler.component.SpellCheckComponent; No queryConverter defined, using default converter
INFO  - 2013-12-09 23:03:35.944; org.apache.solr.handler.component.QueryElevationComponent; Loading QueryElevation from: /Users/xinghao/Downloads/solr-4.6.0/example/solr/collection1/conf/elevate.xml
INFO  - 2013-12-09 23:03:35.966; org.apache.solr.handler.ReplicationHandler; Commits will be reserved for  10000
INFO  - 2013-12-09 23:03:35.967; org.apache.solr.core.QuerySenderListener; QuerySenderListener sending requests to Searcher@466481eb main{StandardDirectoryReader(segments_1:1:nrt)}
INFO  - 2013-12-09 23:03:35.968; org.apache.solr.core.CoreContainer; registering core: collection1
INFO  - 2013-12-09 23:03:35.970; org.apache.solr.servlet.SolrDispatchFilter; user.dir=/Users/xinghao/Downloads/solr-4.6.0/example
INFO  - 2013-12-09 23:03:35.971; org.apache.solr.servlet.SolrDispatchFilter; SolrDispatchFilter.init() done
INFO  - 2013-12-09 23:03:35.998; org.eclipse.jetty.server.AbstractConnector; Started SocketConnector@0.0.0.0:8983
INFO  - 2013-12-09 23:03:36.007; org.apache.solr.core.SolrCore; [collection1] webapp=null path=null params={event=firstSearcher&q=static+firstSearcher+warming+in+solrconfig.xml&distrib=false} hits=0 status=0 QTime=37 
INFO  - 2013-12-09 23:03:36.007; org.apache.solr.core.QuerySenderListener; QuerySenderListener done.
INFO  - 2013-12-09 23:03:36.007; org.apache.solr.handler.component.SpellCheckComponent$SpellCheckerListener; Loading spell index for spellchecker: default
INFO  - 2013-12-09 23:03:36.008; org.apache.solr.handler.component.SpellCheckComponent$SpellCheckerListener; Loading spell index for spellchecker: wordbreak
INFO  - 2013-12-09 23:03:36.008; org.apache.solr.core.SolrCore; [collection1] Registered new searcher Searcher@466481eb main{StandardDirectoryReader(segments_1:1:nrt)}
INFO  - 2013-12-09 23:03:43.379; org.apache.solr.servlet.SolrDispatchFilter; [admin] webapp=null path=/admin/cores params={indexInfo=false&_=1386590623370&wt=json} status=0 QTime=1 
INFO  - 2013-12-09 23:03:43.518; org.apache.solr.servlet.SolrDispatchFilter; [admin] webapp=null path=/admin/info/system params={_=1386590623398&wt=json} status=0 QTime=100 
INFO  - 2013-12-09 23:03:53.037; org.apache.solr.servlet.SolrDispatchFilter; [admin] webapp=null path=/admin/cores params={indexInfo=false&_=1386590633024&wt=json} status=0 QTime=0 
INFO  - 2013-12-09 23:03:53.095; org.apache.solr.servlet.SolrDispatchFilter; [admin] webapp=null path=/admin/info/system params={_=1386590633055&wt=json} status=0 QTime=33 
INFO  - 2013-12-09 23:09:00.327; org.apache.solr.servlet.SolrDispatchFilter; [admin] webapp=null path=/admin/info/logging params={_=1386590940311&since=0&wt=json} status=0 QTime=1 
INFO  - 2013-12-09 23:09:03.595; org.apache.solr.servlet.SolrDispatchFilter; [admin] webapp=null path=/admin/cores params={_=1386590943591&wt=json} status=0 QTime=2 
INFO  - 2013-12-09 23:09:03.626; org.apache.solr.servlet.SolrDispatchFilter; [admin] webapp=null path=/admin/cores params={_=1386590943619&wt=json} status=0 QTime=1 
INFO  - 2013-12-09 23:09:18.669; org.apache.solr.servlet.SolrDispatchFilter; [admin] webapp=null path=/admin/info/properties params={_=1386590958667&wt=json} status=0 QTime=0 
INFO  - 2013-12-09 23:09:27.197; org.apache.solr.servlet.SolrDispatchFilter; [admin] webapp=null path=/admin/cores params={_=1386590967195&wt=json} status=0 QTime=0 
INFO  - 2013-12-09 23:09:27.216; org.apache.solr.servlet.SolrDispatchFilter; [admin] webapp=null path=/admin/cores params={_=1386590967213&wt=json} status=0 QTime=1 
INFO  - 2013-12-09 23:18:24.102; org.apache.solr.request.UnInvertedField; UnInverted multi-valued field {field=cat,memSize=4288,tindexSize=0,time=0,phase1=0,nTerms=0,bigTerms=0,termInstances=0,uses=0}
INFO  - 2013-12-09 23:18:24.114; org.apache.solr.request.UnInvertedField; UnInverted multi-valued field {field=content_type,memSize=4288,tindexSize=0,time=0,phase1=0,nTerms=0,bigTerms=0,termInstances=0,uses=0}
INFO  - 2013-12-09 23:18:24.154; org.apache.solr.core.SolrCore; [collection1] webapp=/solr path=/browse params={} hits=0 status=0 QTime=70 
INFO  - 2013-12-09 23:18:24.404; org.apache.solr.core.SolrCore; [collection1] webapp=/solr path=/admin/file params={file=/velocity/jquery.autocomplete.css&contentType=text/css} status=0 QTime=1 
INFO  - 2013-12-09 23:18:24.404; org.apache.solr.core.SolrCore; [collection1] webapp=/solr path=/admin/file params={file=/velocity/jquery.autocomplete.js&contentType=text/javascript} status=0 QTime=0 
INFO  - 2013-12-09 23:18:24.404; org.apache.solr.core.SolrCore; [collection1] webapp=/solr path=/admin/file params={file=/velocity/main.css&contentType=text/css} status=0 QTime=1 
INFO  - 2013-12-10 10:46:35.073; org.eclipse.jetty.server.Server; Graceful shutdown SocketConnector@0.0.0.0:8983
INFO  - 2013-12-10 10:46:35.074; org.eclipse.jetty.server.Server; Graceful shutdown o.e.j.w.WebAppContext{/solr,file:/Users/xinghao/Downloads/solr-4.6.0/example/solr-webapp/webapp/},/Users/xinghao/Downloads/solr-4.6.0/example/webapps/solr.war
INFO  - 2013-12-10 10:46:36.075; org.apache.solr.core.CoreContainer; Shutting down CoreContainer instance=200426125
INFO  - 2013-12-10 10:46:36.078; org.apache.solr.core.SolrCore; [collection1]  CLOSING SolrCore org.apache.solr.core.SolrCore@6e3404f
INFO  - 2013-12-10 10:46:36.079; org.apache.solr.update.DirectUpdateHandler2; closing DirectUpdateHandler2{commits=0,autocommit maxTime=15000ms,autocommits=0,soft autocommits=0,optimizes=0,rollbacks=0,expungeDeletes=0,docsPending=0,adds=0,deletesById=0,deletesByQuery=0,errors=0,cumulative_adds=0,cumulative_deletesById=0,cumulative_deletesByQuery=0,cumulative_errors=0}
INFO  - 2013-12-10 10:46:36.079; org.apache.solr.update.SolrCoreState; Closing SolrCoreState
INFO  - 2013-12-10 10:46:36.080; org.apache.solr.update.DefaultSolrCoreState; SolrCoreState ref count has reached 0 - closing IndexWriter
INFO  - 2013-12-10 10:46:36.080; org.apache.solr.update.DefaultSolrCoreState; closing IndexWriter with IndexWriterCloser
INFO  - 2013-12-10 10:46:36.082; org.apache.solr.core.SolrCore; [collection1] Closing main searcher on request.
INFO  - 2013-12-10 10:46:36.083; org.apache.solr.core.CachingDirectoryFactory; Closing NRTCachingDirectoryFactory - 2 directories currently being tracked
INFO  - 2013-12-10 10:46:36.084; org.apache.solr.core.CachingDirectoryFactory; looking to close /Users/xinghao/Downloads/solr-4.6.0/example/solr/collection1/data/index [CachedDir<<refCount=0;path=/Users/xinghao/Downloads/solr-4.6.0/example/solr/collection1/data/index;done=false>>]
INFO  - 2013-12-10 10:46:36.085; org.apache.solr.core.CachingDirectoryFactory; Closing directory: /Users/xinghao/Downloads/solr-4.6.0/example/solr/collection1/data/index
INFO  - 2013-12-10 10:46:36.085; org.apache.solr.core.CachingDirectoryFactory; looking to close /Users/xinghao/Downloads/solr-4.6.0/example/solr/collection1/data [CachedDir<<refCount=0;path=/Users/xinghao/Downloads/solr-4.6.0/example/solr/collection1/data;done=false>>]
INFO  - 2013-12-10 10:46:36.085; org.apache.solr.core.CachingDirectoryFactory; Closing directory: /Users/xinghao/Downloads/solr-4.6.0/example/solr/collection1/data
INFO  - 2013-12-10 10:46:36.088; org.eclipse.jetty.server.handler.ContextHandler; stopped o.e.j.w.WebAppContext{/solr,file:/Users/xinghao/Downloads/solr-4.6.0/example/solr-webapp/webapp/},/Users/xinghao/Downloads/solr-4.6.0/example/webapps/solr.war
INFO  - 2013-12-10 13:30:56.548; org.eclipse.jetty.server.Server; jetty-8.1.10.v20130312
INFO  - 2013-12-10 13:30:56.597; org.eclipse.jetty.deploy.providers.ScanningAppProvider; Deployment monitor /Users/xinghao/Downloads/solr-4.6.0/example/contexts at interval 0
INFO  - 2013-12-10 13:30:56.603; org.eclipse.jetty.deploy.DeploymentManager; Deployable added: /Users/xinghao/Downloads/solr-4.6.0/example/contexts/solr-jetty-context.xml
INFO  - 2013-12-10 13:30:58.181; org.eclipse.jetty.webapp.StandardDescriptorProcessor; NO JSP Support for /solr, did not find org.apache.jasper.servlet.JspServlet
INFO  - 2013-12-10 13:30:58.251; org.apache.solr.servlet.SolrDispatchFilter; SolrDispatchFilter.init()
INFO  - 2013-12-10 13:30:58.264; org.apache.solr.core.SolrResourceLoader; JNDI not configured for solr (NoInitialContextEx)
INFO  - 2013-12-10 13:30:58.264; org.apache.solr.core.SolrResourceLoader; solr home defaulted to 'solr/' (could not find system property or JNDI)
INFO  - 2013-12-10 13:30:58.265; org.apache.solr.core.SolrResourceLoader; new SolrResourceLoader for directory: 'solr/'
INFO  - 2013-12-10 13:30:58.355; org.apache.solr.core.ConfigSolr; Loading container configuration from /Users/xinghao/Downloads/solr-4.6.0/example/solr/solr.xml
INFO  - 2013-12-10 13:30:58.454; org.apache.solr.core.ConfigSolrXml; Config-defined core root directory: 
INFO  - 2013-12-10 13:30:58.463; org.apache.solr.core.CoreContainer; New CoreContainer 16772849
INFO  - 2013-12-10 13:30:58.463; org.apache.solr.core.CoreContainer; Loading cores into CoreContainer [instanceDir=solr/]
INFO  - 2013-12-10 13:30:58.474; org.apache.solr.handler.component.HttpShardHandlerFactory; Setting socketTimeout to: 0
INFO  - 2013-12-10 13:30:58.475; org.apache.solr.handler.component.HttpShardHandlerFactory; Setting urlScheme to: http://
INFO  - 2013-12-10 13:30:58.475; org.apache.solr.handler.component.HttpShardHandlerFactory; Setting connTimeout to: 0
INFO  - 2013-12-10 13:30:58.475; org.apache.solr.handler.component.HttpShardHandlerFactory; Setting maxConnectionsPerHost to: 20
INFO  - 2013-12-10 13:30:58.477; org.apache.solr.handler.component.HttpShardHandlerFactory; Setting corePoolSize to: 0
INFO  - 2013-12-10 13:30:58.477; org.apache.solr.handler.component.HttpShardHandlerFactory; Setting maximumPoolSize to: 2147483647
INFO  - 2013-12-10 13:30:58.478; org.apache.solr.handler.component.HttpShardHandlerFactory; Setting maxThreadIdleTime to: 5
INFO  - 2013-12-10 13:30:58.478; org.apache.solr.handler.component.HttpShardHandlerFactory; Setting sizeOfQueue to: -1
INFO  - 2013-12-10 13:30:58.478; org.apache.solr.handler.component.HttpShardHandlerFactory; Setting fairnessPolicy to: false
INFO  - 2013-12-10 13:30:58.644; org.apache.solr.logging.LogWatcher; SLF4J impl is org.slf4j.impl.Log4jLoggerFactory
INFO  - 2013-12-10 13:30:58.645; org.apache.solr.logging.LogWatcher; Registering Log Listener [Log4j (org.slf4j.impl.Log4jLoggerFactory)]
INFO  - 2013-12-10 13:31:26.077; org.apache.solr.core.CorePropertiesLocator; Looking for core definitions underneath /Users/xinghao/Downloads/solr-4.6.0/example/solr
INFO  - 2013-12-10 13:31:26.108; org.apache.solr.core.CorePropertiesLocator; Found core collection1 in /Users/xinghao/Downloads/solr-4.6.0/example/solr/collection1/
INFO  - 2013-12-10 13:31:26.109; org.apache.solr.core.CorePropertiesLocator; Found 1 core definitions
INFO  - 2013-12-10 13:31:26.110; org.apache.solr.core.CoreContainer; Creating SolrCore 'collection1' using instanceDir: /Users/xinghao/Downloads/solr-4.6.0/example/solr/collection1
INFO  - 2013-12-10 13:31:26.110; org.apache.solr.core.SolrResourceLoader; new SolrResourceLoader for directory: '/Users/xinghao/Downloads/solr-4.6.0/example/solr/collection1/'
INFO  - 2013-12-10 13:31:26.184; org.apache.solr.core.SolrConfig; Adding specified lib dirs to ClassLoader
INFO  - 2013-12-10 13:31:26.186; org.apache.solr.core.SolrResourceLoader; Adding 'file:/Users/xinghao/Downloads/solr-4.6.0/contrib/extraction/lib/apache-mime4j-core-0.7.2.jar' to classloader
INFO  - 2013-12-10 13:31:26.187; org.apache.solr.core.SolrResourceLoader; Adding 'file:/Users/xinghao/Downloads/solr-4.6.0/contrib/extraction/lib/apache-mime4j-dom-0.7.2.jar' to classloader
INFO  - 2013-12-10 13:31:26.187; org.apache.solr.core.SolrResourceLoader; Adding 'file:/Users/xinghao/Downloads/solr-4.6.0/contrib/extraction/lib/bcmail-jdk15-1.45.jar' to classloader
INFO  - 2013-12-10 13:31:26.187; org.apache.solr.core.SolrResourceLoader; Adding 'file:/Users/xinghao/Downloads/solr-4.6.0/contrib/extraction/lib/bcprov-jdk15-1.45.jar' to classloader
INFO  - 2013-12-10 13:31:26.187; org.apache.solr.core.SolrResourceLoader; Adding 'file:/Users/xinghao/Downloads/solr-4.6.0/contrib/extraction/lib/boilerpipe-1.1.0.jar' to classloader
INFO  - 2013-12-10 13:31:26.188; org.apache.solr.core.SolrResourceLoader; Adding 'file:/Users/xinghao/Downloads/solr-4.6.0/contrib/extraction/lib/commons-compress-1.4.1.jar' to classloader
INFO  - 2013-12-10 13:31:26.188; org.apache.solr.core.SolrResourceLoader; Adding 'file:/Users/xinghao/Downloads/solr-4.6.0/contrib/extraction/lib/dom4j-1.6.1.jar' to classloader
INFO  - 2013-12-10 13:31:26.188; org.apache.solr.core.SolrResourceLoader; Adding 'file:/Users/xinghao/Downloads/solr-4.6.0/contrib/extraction/lib/fontbox-1.8.1.jar' to classloader
INFO  - 2013-12-10 13:31:26.188; org.apache.solr.core.SolrResourceLoader; Adding 'file:/Users/xinghao/Downloads/solr-4.6.0/contrib/extraction/lib/icu4j-49.1.jar' to classloader
INFO  - 2013-12-10 13:31:26.188; org.apache.solr.core.SolrResourceLoader; Adding 'file:/Users/xinghao/Downloads/solr-4.6.0/contrib/extraction/lib/isoparser-1.0-RC-1.jar' to classloader
INFO  - 2013-12-10 13:31:26.189; org.apache.solr.core.SolrResourceLoader; Adding 'file:/Users/xinghao/Downloads/solr-4.6.0/contrib/extraction/lib/jdom-1.0.jar' to classloader
INFO  - 2013-12-10 13:31:26.189; org.apache.solr.core.SolrResourceLoader; Adding 'file:/Users/xinghao/Downloads/solr-4.6.0/contrib/extraction/lib/jempbox-1.8.1.jar' to classloader
INFO  - 2013-12-10 13:31:26.189; org.apache.solr.core.SolrResourceLoader; Adding 'file:/Users/xinghao/Downloads/solr-4.6.0/contrib/extraction/lib/juniversalchardet-1.0.3.jar' to classloader
INFO  - 2013-12-10 13:31:26.189; org.apache.solr.core.SolrResourceLoader; Adding 'file:/Users/xinghao/Downloads/solr-4.6.0/contrib/extraction/lib/metadata-extractor-2.6.2.jar' to classloader
INFO  - 2013-12-10 13:31:26.190; org.apache.solr.core.SolrResourceLoader; Adding 'file:/Users/xinghao/Downloads/solr-4.6.0/contrib/extraction/lib/netcdf-4.2-min.jar' to classloader
INFO  - 2013-12-10 13:31:26.190; org.apache.solr.core.SolrResourceLoader; Adding 'file:/Users/xinghao/Downloads/solr-4.6.0/contrib/extraction/lib/pdfbox-1.8.1.jar' to classloader
INFO  - 2013-12-10 13:31:26.190; org.apache.solr.core.SolrResourceLoader; Adding 'file:/Users/xinghao/Downloads/solr-4.6.0/contrib/extraction/lib/poi-3.9.jar' to classloader
INFO  - 2013-12-10 13:31:26.190; org.apache.solr.core.SolrResourceLoader; Adding 'file:/Users/xinghao/Downloads/solr-4.6.0/contrib/extraction/lib/poi-ooxml-3.9.jar' to classloader
INFO  - 2013-12-10 13:31:26.191; org.apache.solr.core.SolrResourceLoader; Adding 'file:/Users/xinghao/Downloads/solr-4.6.0/contrib/extraction/lib/poi-ooxml-schemas-3.9.jar' to classloader
INFO  - 2013-12-10 13:31:26.191; org.apache.solr.core.SolrResourceLoader; Adding 'file:/Users/xinghao/Downloads/solr-4.6.0/contrib/extraction/lib/poi-scratchpad-3.9.jar' to classloader
INFO  - 2013-12-10 13:31:26.191; org.apache.solr.core.SolrResourceLoader; Adding 'file:/Users/xinghao/Downloads/solr-4.6.0/contrib/extraction/lib/rome-0.9.jar' to classloader
INFO  - 2013-12-10 13:31:26.191; org.apache.solr.core.SolrResourceLoader; Adding 'file:/Users/xinghao/Downloads/solr-4.6.0/contrib/extraction/lib/tagsoup-1.2.1.jar' to classloader
INFO  - 2013-12-10 13:31:26.192; org.apache.solr.core.SolrResourceLoader; Adding 'file:/Users/xinghao/Downloads/solr-4.6.0/contrib/extraction/lib/tika-core-1.4.jar' to classloader
INFO  - 2013-12-10 13:31:26.192; org.apache.solr.core.SolrResourceLoader; Adding 'file:/Users/xinghao/Downloads/solr-4.6.0/contrib/extraction/lib/tika-parsers-1.4.jar' to classloader
INFO  - 2013-12-10 13:31:26.192; org.apache.solr.core.SolrResourceLoader; Adding 'file:/Users/xinghao/Downloads/solr-4.6.0/contrib/extraction/lib/vorbis-java-core-0.1.jar' to classloader
INFO  - 2013-12-10 13:31:26.192; org.apache.solr.core.SolrResourceLoader; Adding 'file:/Users/xinghao/Downloads/solr-4.6.0/contrib/extraction/lib/vorbis-java-tika-0.1.jar' to classloader
INFO  - 2013-12-10 13:31:26.193; org.apache.solr.core.SolrResourceLoader; Adding 'file:/Users/xinghao/Downloads/solr-4.6.0/contrib/extraction/lib/xercesImpl-2.9.1.jar' to classloader
INFO  - 2013-12-10 13:31:26.193; org.apache.solr.core.SolrResourceLoader; Adding 'file:/Users/xinghao/Downloads/solr-4.6.0/contrib/extraction/lib/xmlbeans-2.3.0.jar' to classloader
INFO  - 2013-12-10 13:31:26.193; org.apache.solr.core.SolrResourceLoader; Adding 'file:/Users/xinghao/Downloads/solr-4.6.0/contrib/extraction/lib/xz-1.0.jar' to classloader
INFO  - 2013-12-10 13:31:26.206; org.apache.solr.core.SolrResourceLoader; Adding 'file:/Users/xinghao/Downloads/solr-4.6.0/dist/solr-cell-4.6.0.jar' to classloader
INFO  - 2013-12-10 13:31:26.207; org.apache.solr.core.SolrResourceLoader; Adding 'file:/Users/xinghao/Downloads/solr-4.6.0/contrib/clustering/lib/attributes-binder-1.2.0.jar' to classloader
INFO  - 2013-12-10 13:31:26.207; org.apache.solr.core.SolrResourceLoader; Adding 'file:/Users/xinghao/Downloads/solr-4.6.0/contrib/clustering/lib/carrot2-mini-3.8.0.jar' to classloader
INFO  - 2013-12-10 13:31:26.207; org.apache.solr.core.SolrResourceLoader; Adding 'file:/Users/xinghao/Downloads/solr-4.6.0/contrib/clustering/lib/hppc-0.5.2.jar' to classloader
INFO  - 2013-12-10 13:31:26.208; org.apache.solr.core.SolrResourceLoader; Adding 'file:/Users/xinghao/Downloads/solr-4.6.0/contrib/clustering/lib/jackson-core-asl-1.7.4.jar' to classloader
INFO  - 2013-12-10 13:31:26.208; org.apache.solr.core.SolrResourceLoader; Adding 'file:/Users/xinghao/Downloads/solr-4.6.0/contrib/clustering/lib/jackson-mapper-asl-1.7.4.jar' to classloader
INFO  - 2013-12-10 13:31:26.208; org.apache.solr.core.SolrResourceLoader; Adding 'file:/Users/xinghao/Downloads/solr-4.6.0/contrib/clustering/lib/mahout-collections-1.0.jar' to classloader
INFO  - 2013-12-10 13:31:26.208; org.apache.solr.core.SolrResourceLoader; Adding 'file:/Users/xinghao/Downloads/solr-4.6.0/contrib/clustering/lib/mahout-math-0.6.jar' to classloader
INFO  - 2013-12-10 13:31:26.208; org.apache.solr.core.SolrResourceLoader; Adding 'file:/Users/xinghao/Downloads/solr-4.6.0/contrib/clustering/lib/simple-xml-2.7.jar' to classloader
INFO  - 2013-12-10 13:31:26.209; org.apache.solr.core.SolrResourceLoader; Adding 'file:/Users/xinghao/Downloads/solr-4.6.0/dist/solr-clustering-4.6.0.jar' to classloader
INFO  - 2013-12-10 13:31:26.209; org.apache.solr.core.SolrResourceLoader; Adding 'file:/Users/xinghao/Downloads/solr-4.6.0/contrib/langid/lib/jsonic-1.2.7.jar' to classloader
INFO  - 2013-12-10 13:31:26.210; org.apache.solr.core.SolrResourceLoader; Adding 'file:/Users/xinghao/Downloads/solr-4.6.0/contrib/langid/lib/langdetect-1.1-20120112.jar' to classloader
INFO  - 2013-12-10 13:31:26.210; org.apache.solr.core.SolrResourceLoader; Adding 'file:/Users/xinghao/Downloads/solr-4.6.0/dist/solr-langid-4.6.0.jar' to classloader
INFO  - 2013-12-10 13:31:26.211; org.apache.solr.core.SolrResourceLoader; Adding 'file:/Users/xinghao/Downloads/solr-4.6.0/contrib/velocity/lib/commons-beanutils-1.7.0.jar' to classloader
INFO  - 2013-12-10 13:31:26.211; org.apache.solr.core.SolrResourceLoader; Adding 'file:/Users/xinghao/Downloads/solr-4.6.0/contrib/velocity/lib/commons-collections-3.2.1.jar' to classloader
INFO  - 2013-12-10 13:31:26.211; org.apache.solr.core.SolrResourceLoader; Adding 'file:/Users/xinghao/Downloads/solr-4.6.0/contrib/velocity/lib/velocity-1.7.jar' to classloader
INFO  - 2013-12-10 13:31:26.211; org.apache.solr.core.SolrResourceLoader; Adding 'file:/Users/xinghao/Downloads/solr-4.6.0/contrib/velocity/lib/velocity-tools-2.0.jar' to classloader
INFO  - 2013-12-10 13:31:26.212; org.apache.solr.core.SolrResourceLoader; Adding 'file:/Users/xinghao/Downloads/solr-4.6.0/dist/solr-velocity-4.6.0.jar' to classloader
INFO  - 2013-12-10 13:31:26.804; org.apache.solr.update.SolrIndexConfig; IndexWriter infoStream solr logging is enabled
INFO  - 2013-12-10 13:31:26.808; org.apache.solr.core.SolrConfig; Using Lucene MatchVersion: LUCENE_46
INFO  - 2013-12-10 13:31:26.924; org.apache.solr.core.SolrConfig; Loaded SolrConfig: solrconfig.xml
INFO  - 2013-12-10 13:31:26.929; org.apache.solr.schema.IndexSchema; Reading Solr Schema from schema.xml
INFO  - 2013-12-10 13:31:27.043; org.apache.solr.schema.IndexSchema; [collection1] Schema name=example
INFO  - 2013-12-10 13:31:27.458; org.apache.solr.schema.IndexSchema; unique key field: id
INFO  - 2013-12-10 13:31:27.550; org.apache.solr.schema.FileExchangeRateProvider; Reloading exchange rates from file currency.xml
INFO  - 2013-12-10 13:31:27.556; org.apache.solr.schema.FileExchangeRateProvider; Reloading exchange rates from file currency.xml
INFO  - 2013-12-10 13:31:27.685; org.apache.solr.core.SolrCore; solr.NRTCachingDirectoryFactory
INFO  - 2013-12-10 13:31:27.691; org.apache.solr.core.SolrCore; [collection1] Opening new SolrCore at /Users/xinghao/Downloads/solr-4.6.0/example/solr/collection1/, dataDir=/Users/xinghao/Downloads/solr-4.6.0/example/solr/collection1/data/
INFO  - 2013-12-10 13:31:27.692; org.apache.solr.core.JmxMonitoredMap; No JMX servers found, not exposing Solr information with JMX.
INFO  - 2013-12-10 13:31:27.695; org.apache.solr.core.SolrCore; [collection1] Added SolrEventListener for newSearcher: org.apache.solr.core.QuerySenderListener{queries=[]}
INFO  - 2013-12-10 13:31:27.696; org.apache.solr.core.SolrCore; [collection1] Added SolrEventListener for firstSearcher: org.apache.solr.core.QuerySenderListener{queries=[{q=static firstSearcher warming in solrconfig.xml}]}
INFO  - 2013-12-10 13:31:27.706; org.apache.solr.core.CachingDirectoryFactory; return new directory for /Users/xinghao/Downloads/solr-4.6.0/example/solr/collection1/data
INFO  - 2013-12-10 13:31:27.706; org.apache.solr.core.SolrCore; New index directory detected: old=null new=/Users/xinghao/Downloads/solr-4.6.0/example/solr/collection1/data/index/
INFO  - 2013-12-10 13:31:27.707; org.apache.solr.core.CachingDirectoryFactory; return new directory for /Users/xinghao/Downloads/solr-4.6.0/example/solr/collection1/data/index
INFO  - 2013-12-10 13:31:27.715; org.apache.solr.core.SolrCore; created json: solr.JSONResponseWriter
INFO  - 2013-12-10 13:31:27.715; org.apache.solr.core.SolrCore; adding lazy queryResponseWriter: solr.VelocityResponseWriter
INFO  - 2013-12-10 13:31:27.716; org.apache.solr.core.SolrCore; created velocity: solr.VelocityResponseWriter
INFO  - 2013-12-10 13:31:27.718; org.apache.solr.core.SolrCore; created xslt: solr.XSLTResponseWriter
INFO  - 2013-12-10 13:31:27.718; org.apache.solr.response.XSLTResponseWriter; xsltCacheLifetimeSeconds=5
INFO  - 2013-12-10 13:31:27.784; org.apache.solr.core.SolrCore; no updateRequestProcessorChain defined as default, creating implicit default
INFO  - 2013-12-10 13:31:27.791; org.apache.solr.core.RequestHandlers; created /select: solr.SearchHandler
INFO  - 2013-12-10 13:31:27.792; org.apache.solr.core.RequestHandlers; created /query: solr.SearchHandler
INFO  - 2013-12-10 13:31:27.793; org.apache.solr.core.RequestHandlers; created /get: solr.RealTimeGetHandler
INFO  - 2013-12-10 13:31:27.794; org.apache.solr.core.RequestHandlers; created /browse: solr.SearchHandler
INFO  - 2013-12-10 13:31:27.796; org.apache.solr.core.RequestHandlers; created /update: solr.UpdateRequestHandler
WARN  - 2013-12-10 13:31:27.807; org.apache.solr.core.SolrResourceLoader; Solr loaded a deprecated plugin/analysis class [solr.JsonUpdateRequestHandler]. Please consult documentation how to replace it accordingly.
INFO  - 2013-12-10 13:31:27.807; org.apache.solr.core.RequestHandlers; created /update/json: solr.JsonUpdateRequestHandler
WARN  - 2013-12-10 13:31:27.808; org.apache.solr.core.SolrResourceLoader; Solr loaded a deprecated plugin/analysis class [solr.CSVRequestHandler]. Please consult documentation how to replace it accordingly.
INFO  - 2013-12-10 13:31:27.809; org.apache.solr.core.RequestHandlers; created /update/csv: solr.CSVRequestHandler
INFO  - 2013-12-10 13:31:27.809; org.apache.solr.core.RequestHandlers; adding lazy requestHandler: solr.extraction.ExtractingRequestHandler
INFO  - 2013-12-10 13:31:27.809; org.apache.solr.core.RequestHandlers; created /update/extract: solr.extraction.ExtractingRequestHandler
INFO  - 2013-12-10 13:31:27.809; org.apache.solr.core.RequestHandlers; adding lazy requestHandler: solr.FieldAnalysisRequestHandler
INFO  - 2013-12-10 13:31:27.809; org.apache.solr.core.RequestHandlers; created /analysis/field: solr.FieldAnalysisRequestHandler
INFO  - 2013-12-10 13:31:27.810; org.apache.solr.core.RequestHandlers; adding lazy requestHandler: solr.DocumentAnalysisRequestHandler
INFO  - 2013-12-10 13:31:27.810; org.apache.solr.core.RequestHandlers; created /analysis/document: solr.DocumentAnalysisRequestHandler
INFO  - 2013-12-10 13:31:27.811; org.apache.solr.core.RequestHandlers; created /admin/: solr.admin.AdminHandlers
INFO  - 2013-12-10 13:31:27.813; org.apache.solr.core.RequestHandlers; created /admin/ping: solr.PingRequestHandler
INFO  - 2013-12-10 13:31:27.814; org.apache.solr.core.RequestHandlers; created /debug/dump: solr.DumpRequestHandler
INFO  - 2013-12-10 13:31:27.821; org.apache.solr.core.RequestHandlers; created /replication: solr.ReplicationHandler
INFO  - 2013-12-10 13:31:27.821; org.apache.solr.core.RequestHandlers; adding lazy requestHandler: solr.SearchHandler
INFO  - 2013-12-10 13:31:27.821; org.apache.solr.core.RequestHandlers; created /spell: solr.SearchHandler
INFO  - 2013-12-10 13:31:27.822; org.apache.solr.core.RequestHandlers; adding lazy requestHandler: solr.SearchHandler
INFO  - 2013-12-10 13:31:27.822; org.apache.solr.core.RequestHandlers; created /tvrh: solr.SearchHandler
INFO  - 2013-12-10 13:31:27.822; org.apache.solr.core.RequestHandlers; adding lazy requestHandler: org.apache.solr.handler.js.JavaScriptRequestHandler
INFO  - 2013-12-10 13:31:27.822; org.apache.solr.core.RequestHandlers; created /js: org.apache.solr.handler.js.JavaScriptRequestHandler
INFO  - 2013-12-10 13:31:27.822; org.apache.solr.core.RequestHandlers; adding lazy requestHandler: solr.SearchHandler
INFO  - 2013-12-10 13:31:27.822; org.apache.solr.core.RequestHandlers; created /terms: solr.SearchHandler
INFO  - 2013-12-10 13:31:27.822; org.apache.solr.core.RequestHandlers; adding lazy requestHandler: solr.SearchHandler
INFO  - 2013-12-10 13:31:27.822; org.apache.solr.core.RequestHandlers; created /elevate: solr.SearchHandler
INFO  - 2013-12-10 13:31:27.840; org.apache.solr.handler.loader.XMLLoader; xsltCacheLifetimeSeconds=60
INFO  - 2013-12-10 13:31:27.842; org.apache.solr.handler.loader.XMLLoader; xsltCacheLifetimeSeconds=60
INFO  - 2013-12-10 13:31:27.843; org.apache.solr.handler.loader.XMLLoader; xsltCacheLifetimeSeconds=60
INFO  - 2013-12-10 13:31:27.855; org.apache.solr.update.CommitTracker; Hard AutoCommit: if uncommited for 15000ms; 
INFO  - 2013-12-10 13:31:27.855; org.apache.solr.update.CommitTracker; Soft AutoCommit: disabled
INFO  - 2013-12-10 13:31:27.909; org.apache.solr.core.SolrDeletionPolicy; SolrDeletionPolicy.onInit: commits: num=1
	commit{dir=NRTCachingDirectory(org.apache.lucene.store.NIOFSDirectory@/Users/xinghao/Downloads/solr-4.6.0/example/solr/collection1/data/index lockFactory=org.apache.lucene.store.NativeFSLockFactory@6ff0239; maxCacheMB=48.0 maxMergeSizeMB=4.0),segFN=segments_1,generation=1}
INFO  - 2013-12-10 13:31:27.909; org.apache.solr.core.SolrDeletionPolicy; newest commit generation = 1
INFO  - 2013-12-10 13:31:27.915; org.apache.solr.search.SolrIndexSearcher; Opening Searcher@64135f0a main
INFO  - 2013-12-10 13:31:27.919; org.apache.solr.handler.component.SpellCheckComponent; Initializing spell checkers
INFO  - 2013-12-10 13:31:27.925; org.apache.solr.spelling.DirectSolrSpellChecker; init: {name=default,field=text,classname=solr.DirectSolrSpellChecker,distanceMeasure=internal,accuracy=0.5,maxEdits=2,minPrefix=1,maxInspections=5,minQueryLength=4,maxQueryFrequency=0.01}
INFO  - 2013-12-10 13:31:27.930; org.apache.solr.handler.component.SpellCheckComponent; No queryConverter defined, using default converter
INFO  - 2013-12-10 13:31:27.932; org.apache.solr.handler.component.QueryElevationComponent; Loading QueryElevation from: /Users/xinghao/Downloads/solr-4.6.0/example/solr/collection1/conf/elevate.xml
INFO  - 2013-12-10 13:31:27.955; org.apache.solr.handler.ReplicationHandler; Commits will be reserved for  10000
INFO  - 2013-12-10 13:31:27.956; org.apache.solr.core.QuerySenderListener; QuerySenderListener sending requests to Searcher@64135f0a main{StandardDirectoryReader(segments_1:1:nrt)}
INFO  - 2013-12-10 13:31:27.956; org.apache.solr.core.CoreContainer; registering core: collection1
INFO  - 2013-12-10 13:31:27.959; org.apache.solr.servlet.SolrDispatchFilter; user.dir=/Users/xinghao/Downloads/solr-4.6.0/example
INFO  - 2013-12-10 13:31:27.959; org.apache.solr.servlet.SolrDispatchFilter; SolrDispatchFilter.init() done
INFO  - 2013-12-10 13:31:28.011; org.eclipse.jetty.server.AbstractConnector; Started SocketConnector@0.0.0.0:8983
INFO  - 2013-12-10 13:31:28.025; org.apache.solr.core.SolrCore; [collection1] webapp=null path=null params={event=firstSearcher&q=static+firstSearcher+warming+in+solrconfig.xml&distrib=false} hits=0 status=0 QTime=68 
INFO  - 2013-12-10 13:31:28.026; org.apache.solr.core.QuerySenderListener; QuerySenderListener done.
INFO  - 2013-12-10 13:31:28.026; org.apache.solr.handler.component.SpellCheckComponent$SpellCheckerListener; Loading spell index for spellchecker: default
INFO  - 2013-12-10 13:31:28.026; org.apache.solr.handler.component.SpellCheckComponent$SpellCheckerListener; Loading spell index for spellchecker: wordbreak
INFO  - 2013-12-10 13:31:28.027; org.apache.solr.core.SolrCore; [collection1] Registered new searcher Searcher@64135f0a main{StandardDirectoryReader(segments_1:1:nrt)}
INFO  - 2013-12-10 13:32:39.347; org.eclipse.jetty.server.Server; Graceful shutdown SocketConnector@0.0.0.0:8983
INFO  - 2013-12-10 13:32:39.349; org.eclipse.jetty.server.Server; Graceful shutdown o.e.j.w.WebAppContext{/solr,file:/Users/xinghao/Downloads/solr-4.6.0/example/solr-webapp/webapp/},/Users/xinghao/Downloads/solr-4.6.0/example/webapps/solr.war
INFO  - 2013-12-10 13:32:40.350; org.apache.solr.core.CoreContainer; Shutting down CoreContainer instance=16772849
INFO  - 2013-12-10 13:32:40.351; org.apache.solr.core.SolrCore; [collection1]  CLOSING SolrCore org.apache.solr.core.SolrCore@7ced65e0
INFO  - 2013-12-10 13:32:40.351; org.apache.solr.update.DirectUpdateHandler2; closing DirectUpdateHandler2{commits=0,autocommit maxTime=15000ms,autocommits=0,soft autocommits=0,optimizes=0,rollbacks=0,expungeDeletes=0,docsPending=0,adds=0,deletesById=0,deletesByQuery=0,errors=0,cumulative_adds=0,cumulative_deletesById=0,cumulative_deletesByQuery=0,cumulative_errors=0}
INFO  - 2013-12-10 13:32:40.351; org.apache.solr.update.SolrCoreState; Closing SolrCoreState
INFO  - 2013-12-10 13:32:40.351; org.apache.solr.update.DefaultSolrCoreState; SolrCoreState ref count has reached 0 - closing IndexWriter
INFO  - 2013-12-10 13:32:40.352; org.apache.solr.update.DefaultSolrCoreState; closing IndexWriter with IndexWriterCloser
INFO  - 2013-12-10 13:32:40.354; org.apache.solr.core.SolrCore; [collection1] Closing main searcher on request.
INFO  - 2013-12-10 13:32:40.354; org.apache.solr.core.CachingDirectoryFactory; Closing NRTCachingDirectoryFactory - 2 directories currently being tracked
INFO  - 2013-12-10 13:32:40.355; org.apache.solr.core.CachingDirectoryFactory; looking to close /Users/xinghao/Downloads/solr-4.6.0/example/solr/collection1/data [CachedDir<<refCount=0;path=/Users/xinghao/Downloads/solr-4.6.0/example/solr/collection1/data;done=false>>]
INFO  - 2013-12-10 13:32:40.355; org.apache.solr.core.CachingDirectoryFactory; Closing directory: /Users/xinghao/Downloads/solr-4.6.0/example/solr/collection1/data
INFO  - 2013-12-10 13:32:40.355; org.apache.solr.core.CachingDirectoryFactory; looking to close /Users/xinghao/Downloads/solr-4.6.0/example/solr/collection1/data/index [CachedDir<<refCount=0;path=/Users/xinghao/Downloads/solr-4.6.0/example/solr/collection1/data/index;done=false>>]
INFO  - 2013-12-10 13:32:40.356; org.apache.solr.core.CachingDirectoryFactory; Closing directory: /Users/xinghao/Downloads/solr-4.6.0/example/solr/collection1/data/index
INFO  - 2013-12-10 13:32:40.357; org.eclipse.jetty.server.handler.ContextHandler; stopped o.e.j.w.WebAppContext{/solr,file:/Users/xinghao/Downloads/solr-4.6.0/example/solr-webapp/webapp/},/Users/xinghao/Downloads/solr-4.6.0/example/webapps/solr.war
INFO  - 2013-12-10 13:35:52.085; org.eclipse.jetty.server.Server; jetty-8.1.10.v20130312
INFO  - 2013-12-10 13:35:52.198; org.eclipse.jetty.deploy.providers.ScanningAppProvider; Deployment monitor /Users/xinghao/Downloads/solr-4.6.0/example/contexts at interval 0
INFO  - 2013-12-10 13:35:52.244; org.eclipse.jetty.deploy.DeploymentManager; Deployable added: /Users/xinghao/Downloads/solr-4.6.0/example/contexts/solr-jetty-context.xml
INFO  - 2013-12-10 13:35:55.476; org.eclipse.jetty.webapp.StandardDescriptorProcessor; NO JSP Support for /solr, did not find org.apache.jasper.servlet.JspServlet
INFO  - 2013-12-10 13:35:56.203; org.apache.solr.servlet.SolrDispatchFilter; SolrDispatchFilter.init()
INFO  - 2013-12-10 13:35:56.393; org.apache.solr.core.SolrResourceLoader; JNDI not configured for solr (NoInitialContextEx)
INFO  - 2013-12-10 13:35:56.394; org.apache.solr.core.SolrResourceLoader; solr home defaulted to 'solr/' (could not find system property or JNDI)
INFO  - 2013-12-10 13:35:56.407; org.apache.solr.core.SolrResourceLoader; new SolrResourceLoader for directory: 'solr/'
INFO  - 2013-12-10 13:35:56.633; org.apache.solr.core.ConfigSolr; Loading container configuration from /Users/xinghao/Downloads/solr-4.6.0/example/solr/solr.xml
INFO  - 2013-12-10 13:35:58.144; org.apache.solr.core.ConfigSolrXml; Config-defined core root directory: 
INFO  - 2013-12-10 13:35:58.362; org.apache.solr.core.CoreContainer; New CoreContainer 715732941
INFO  - 2013-12-10 13:35:58.362; org.apache.solr.core.CoreContainer; Loading cores into CoreContainer [instanceDir=solr/]
INFO  - 2013-12-10 13:35:58.443; org.apache.solr.handler.component.HttpShardHandlerFactory; Setting socketTimeout to: 0
INFO  - 2013-12-10 13:35:58.443; org.apache.solr.handler.component.HttpShardHandlerFactory; Setting urlScheme to: http://
INFO  - 2013-12-10 13:35:58.444; org.apache.solr.handler.component.HttpShardHandlerFactory; Setting connTimeout to: 0
INFO  - 2013-12-10 13:35:58.444; org.apache.solr.handler.component.HttpShardHandlerFactory; Setting maxConnectionsPerHost to: 20
INFO  - 2013-12-10 13:35:58.447; org.apache.solr.handler.component.HttpShardHandlerFactory; Setting corePoolSize to: 0
INFO  - 2013-12-10 13:35:58.447; org.apache.solr.handler.component.HttpShardHandlerFactory; Setting maximumPoolSize to: 2147483647
INFO  - 2013-12-10 13:35:58.447; org.apache.solr.handler.component.HttpShardHandlerFactory; Setting maxThreadIdleTime to: 5
INFO  - 2013-12-10 13:35:58.448; org.apache.solr.handler.component.HttpShardHandlerFactory; Setting sizeOfQueue to: -1
INFO  - 2013-12-10 13:35:58.448; org.apache.solr.handler.component.HttpShardHandlerFactory; Setting fairnessPolicy to: false
INFO  - 2013-12-10 13:35:58.891; org.apache.solr.logging.LogWatcher; SLF4J impl is org.slf4j.impl.Log4jLoggerFactory
INFO  - 2013-12-10 13:35:58.892; org.apache.solr.logging.LogWatcher; Registering Log Listener [Log4j (org.slf4j.impl.Log4jLoggerFactory)]
INFO  - 2013-12-10 13:35:59.016; org.apache.solr.core.CorePropertiesLocator; Looking for core definitions underneath /Users/xinghao/Downloads/solr-4.6.0/example/solr
INFO  - 2013-12-10 13:35:59.070; org.apache.solr.core.CorePropertiesLocator; Found core collection1 in /Users/xinghao/Downloads/solr-4.6.0/example/solr/collection1/
INFO  - 2013-12-10 13:35:59.071; org.apache.solr.core.CorePropertiesLocator; Found 1 core definitions
INFO  - 2013-12-10 13:35:59.072; org.apache.solr.core.CoreContainer; Creating SolrCore 'collection1' using instanceDir: /Users/xinghao/Downloads/solr-4.6.0/example/solr/collection1
INFO  - 2013-12-10 13:35:59.073; org.apache.solr.core.SolrResourceLoader; new SolrResourceLoader for directory: '/Users/xinghao/Downloads/solr-4.6.0/example/solr/collection1/'
INFO  - 2013-12-10 13:35:59.185; org.apache.solr.core.SolrConfig; Adding specified lib dirs to ClassLoader
INFO  - 2013-12-10 13:35:59.187; org.apache.solr.core.SolrResourceLoader; Adding 'file:/Users/xinghao/Downloads/solr-4.6.0/contrib/extraction/lib/apache-mime4j-core-0.7.2.jar' to classloader
INFO  - 2013-12-10 13:35:59.187; org.apache.solr.core.SolrResourceLoader; Adding 'file:/Users/xinghao/Downloads/solr-4.6.0/contrib/extraction/lib/apache-mime4j-dom-0.7.2.jar' to classloader
INFO  - 2013-12-10 13:35:59.187; org.apache.solr.core.SolrResourceLoader; Adding 'file:/Users/xinghao/Downloads/solr-4.6.0/contrib/extraction/lib/bcmail-jdk15-1.45.jar' to classloader
INFO  - 2013-12-10 13:35:59.187; org.apache.solr.core.SolrResourceLoader; Adding 'file:/Users/xinghao/Downloads/solr-4.6.0/contrib/extraction/lib/bcprov-jdk15-1.45.jar' to classloader
INFO  - 2013-12-10 13:35:59.188; org.apache.solr.core.SolrResourceLoader; Adding 'file:/Users/xinghao/Downloads/solr-4.6.0/contrib/extraction/lib/boilerpipe-1.1.0.jar' to classloader
INFO  - 2013-12-10 13:35:59.188; org.apache.solr.core.SolrResourceLoader; Adding 'file:/Users/xinghao/Downloads/solr-4.6.0/contrib/extraction/lib/commons-compress-1.4.1.jar' to classloader
INFO  - 2013-12-10 13:35:59.188; org.apache.solr.core.SolrResourceLoader; Adding 'file:/Users/xinghao/Downloads/solr-4.6.0/contrib/extraction/lib/dom4j-1.6.1.jar' to classloader
INFO  - 2013-12-10 13:35:59.188; org.apache.solr.core.SolrResourceLoader; Adding 'file:/Users/xinghao/Downloads/solr-4.6.0/contrib/extraction/lib/fontbox-1.8.1.jar' to classloader
INFO  - 2013-12-10 13:35:59.189; org.apache.solr.core.SolrResourceLoader; Adding 'file:/Users/xinghao/Downloads/solr-4.6.0/contrib/extraction/lib/icu4j-49.1.jar' to classloader
INFO  - 2013-12-10 13:35:59.189; org.apache.solr.core.SolrResourceLoader; Adding 'file:/Users/xinghao/Downloads/solr-4.6.0/contrib/extraction/lib/isoparser-1.0-RC-1.jar' to classloader
INFO  - 2013-12-10 13:35:59.189; org.apache.solr.core.SolrResourceLoader; Adding 'file:/Users/xinghao/Downloads/solr-4.6.0/contrib/extraction/lib/jdom-1.0.jar' to classloader
INFO  - 2013-12-10 13:35:59.189; org.apache.solr.core.SolrResourceLoader; Adding 'file:/Users/xinghao/Downloads/solr-4.6.0/contrib/extraction/lib/jempbox-1.8.1.jar' to classloader
INFO  - 2013-12-10 13:35:59.190; org.apache.solr.core.SolrResourceLoader; Adding 'file:/Users/xinghao/Downloads/solr-4.6.0/contrib/extraction/lib/juniversalchardet-1.0.3.jar' to classloader
INFO  - 2013-12-10 13:35:59.190; org.apache.solr.core.SolrResourceLoader; Adding 'file:/Users/xinghao/Downloads/solr-4.6.0/contrib/extraction/lib/metadata-extractor-2.6.2.jar' to classloader
INFO  - 2013-12-10 13:35:59.190; org.apache.solr.core.SolrResourceLoader; Adding 'file:/Users/xinghao/Downloads/solr-4.6.0/contrib/extraction/lib/netcdf-4.2-min.jar' to classloader
INFO  - 2013-12-10 13:35:59.190; org.apache.solr.core.SolrResourceLoader; Adding 'file:/Users/xinghao/Downloads/solr-4.6.0/contrib/extraction/lib/pdfbox-1.8.1.jar' to classloader
INFO  - 2013-12-10 13:35:59.191; org.apache.solr.core.SolrResourceLoader; Adding 'file:/Users/xinghao/Downloads/solr-4.6.0/contrib/extraction/lib/poi-3.9.jar' to classloader
INFO  - 2013-12-10 13:35:59.191; org.apache.solr.core.SolrResourceLoader; Adding 'file:/Users/xinghao/Downloads/solr-4.6.0/contrib/extraction/lib/poi-ooxml-3.9.jar' to classloader
INFO  - 2013-12-10 13:35:59.191; org.apache.solr.core.SolrResourceLoader; Adding 'file:/Users/xinghao/Downloads/solr-4.6.0/contrib/extraction/lib/poi-ooxml-schemas-3.9.jar' to classloader
INFO  - 2013-12-10 13:35:59.191; org.apache.solr.core.SolrResourceLoader; Adding 'file:/Users/xinghao/Downloads/solr-4.6.0/contrib/extraction/lib/poi-scratchpad-3.9.jar' to classloader
INFO  - 2013-12-10 13:35:59.191; org.apache.solr.core.SolrResourceLoader; Adding 'file:/Users/xinghao/Downloads/solr-4.6.0/contrib/extraction/lib/rome-0.9.jar' to classloader
INFO  - 2013-12-10 13:35:59.192; org.apache.solr.core.SolrResourceLoader; Adding 'file:/Users/xinghao/Downloads/solr-4.6.0/contrib/extraction/lib/tagsoup-1.2.1.jar' to classloader
INFO  - 2013-12-10 13:35:59.192; org.apache.solr.core.SolrResourceLoader; Adding 'file:/Users/xinghao/Downloads/solr-4.6.0/contrib/extraction/lib/tika-core-1.4.jar' to classloader
INFO  - 2013-12-10 13:35:59.192; org.apache.solr.core.SolrResourceLoader; Adding 'file:/Users/xinghao/Downloads/solr-4.6.0/contrib/extraction/lib/tika-parsers-1.4.jar' to classloader
INFO  - 2013-12-10 13:35:59.192; org.apache.solr.core.SolrResourceLoader; Adding 'file:/Users/xinghao/Downloads/solr-4.6.0/contrib/extraction/lib/vorbis-java-core-0.1.jar' to classloader
INFO  - 2013-12-10 13:35:59.193; org.apache.solr.core.SolrResourceLoader; Adding 'file:/Users/xinghao/Downloads/solr-4.6.0/contrib/extraction/lib/vorbis-java-tika-0.1.jar' to classloader
INFO  - 2013-12-10 13:35:59.193; org.apache.solr.core.SolrResourceLoader; Adding 'file:/Users/xinghao/Downloads/solr-4.6.0/contrib/extraction/lib/xercesImpl-2.9.1.jar' to classloader
INFO  - 2013-12-10 13:35:59.193; org.apache.solr.core.SolrResourceLoader; Adding 'file:/Users/xinghao/Downloads/solr-4.6.0/contrib/extraction/lib/xmlbeans-2.3.0.jar' to classloader
INFO  - 2013-12-10 13:35:59.193; org.apache.solr.core.SolrResourceLoader; Adding 'file:/Users/xinghao/Downloads/solr-4.6.0/contrib/extraction/lib/xz-1.0.jar' to classloader
INFO  - 2013-12-10 13:35:59.195; org.apache.solr.core.SolrResourceLoader; Adding 'file:/Users/xinghao/Downloads/solr-4.6.0/dist/solr-cell-4.6.0.jar' to classloader
INFO  - 2013-12-10 13:35:59.195; org.apache.solr.core.SolrResourceLoader; Adding 'file:/Users/xinghao/Downloads/solr-4.6.0/contrib/clustering/lib/attributes-binder-1.2.0.jar' to classloader
INFO  - 2013-12-10 13:35:59.196; org.apache.solr.core.SolrResourceLoader; Adding 'file:/Users/xinghao/Downloads/solr-4.6.0/contrib/clustering/lib/carrot2-mini-3.8.0.jar' to classloader
INFO  - 2013-12-10 13:35:59.196; org.apache.solr.core.SolrResourceLoader; Adding 'file:/Users/xinghao/Downloads/solr-4.6.0/contrib/clustering/lib/hppc-0.5.2.jar' to classloader
INFO  - 2013-12-10 13:35:59.196; org.apache.solr.core.SolrResourceLoader; Adding 'file:/Users/xinghao/Downloads/solr-4.6.0/contrib/clustering/lib/jackson-core-asl-1.7.4.jar' to classloader
INFO  - 2013-12-10 13:35:59.196; org.apache.solr.core.SolrResourceLoader; Adding 'file:/Users/xinghao/Downloads/solr-4.6.0/contrib/clustering/lib/jackson-mapper-asl-1.7.4.jar' to classloader
INFO  - 2013-12-10 13:35:59.197; org.apache.solr.core.SolrResourceLoader; Adding 'file:/Users/xinghao/Downloads/solr-4.6.0/contrib/clustering/lib/mahout-collections-1.0.jar' to classloader
INFO  - 2013-12-10 13:35:59.197; org.apache.solr.core.SolrResourceLoader; Adding 'file:/Users/xinghao/Downloads/solr-4.6.0/contrib/clustering/lib/mahout-math-0.6.jar' to classloader
INFO  - 2013-12-10 13:35:59.197; org.apache.solr.core.SolrResourceLoader; Adding 'file:/Users/xinghao/Downloads/solr-4.6.0/contrib/clustering/lib/simple-xml-2.7.jar' to classloader
INFO  - 2013-12-10 13:35:59.198; org.apache.solr.core.SolrResourceLoader; Adding 'file:/Users/xinghao/Downloads/solr-4.6.0/dist/solr-clustering-4.6.0.jar' to classloader
INFO  - 2013-12-10 13:35:59.198; org.apache.solr.core.SolrResourceLoader; Adding 'file:/Users/xinghao/Downloads/solr-4.6.0/contrib/langid/lib/jsonic-1.2.7.jar' to classloader
INFO  - 2013-12-10 13:35:59.199; org.apache.solr.core.SolrResourceLoader; Adding 'file:/Users/xinghao/Downloads/solr-4.6.0/contrib/langid/lib/langdetect-1.1-20120112.jar' to classloader
INFO  - 2013-12-10 13:35:59.199; org.apache.solr.core.SolrResourceLoader; Adding 'file:/Users/xinghao/Downloads/solr-4.6.0/dist/solr-langid-4.6.0.jar' to classloader
INFO  - 2013-12-10 13:35:59.200; org.apache.solr.core.SolrResourceLoader; Adding 'file:/Users/xinghao/Downloads/solr-4.6.0/contrib/velocity/lib/commons-beanutils-1.7.0.jar' to classloader
INFO  - 2013-12-10 13:35:59.200; org.apache.solr.core.SolrResourceLoader; Adding 'file:/Users/xinghao/Downloads/solr-4.6.0/contrib/velocity/lib/commons-collections-3.2.1.jar' to classloader
INFO  - 2013-12-10 13:35:59.200; org.apache.solr.core.SolrResourceLoader; Adding 'file:/Users/xinghao/Downloads/solr-4.6.0/contrib/velocity/lib/velocity-1.7.jar' to classloader
INFO  - 2013-12-10 13:35:59.201; org.apache.solr.core.SolrResourceLoader; Adding 'file:/Users/xinghao/Downloads/solr-4.6.0/contrib/velocity/lib/velocity-tools-2.0.jar' to classloader
INFO  - 2013-12-10 13:35:59.201; org.apache.solr.core.SolrResourceLoader; Adding 'file:/Users/xinghao/Downloads/solr-4.6.0/dist/solr-velocity-4.6.0.jar' to classloader
INFO  - 2013-12-10 13:36:00.494; org.apache.solr.update.SolrIndexConfig; IndexWriter infoStream solr logging is enabled
INFO  - 2013-12-10 13:36:00.498; org.apache.solr.core.SolrConfig; Using Lucene MatchVersion: LUCENE_46
INFO  - 2013-12-10 13:36:00.611; org.apache.solr.core.SolrConfig; Loaded SolrConfig: solrconfig.xml
INFO  - 2013-12-10 13:36:00.616; org.apache.solr.schema.IndexSchema; Reading Solr Schema from schema.xml
INFO  - 2013-12-10 13:36:00.742; org.apache.solr.schema.IndexSchema; [collection1] Schema name=example
INFO  - 2013-12-10 13:36:01.375; org.apache.solr.schema.IndexSchema; unique key field: id
INFO  - 2013-12-10 13:36:01.813; org.apache.solr.schema.FileExchangeRateProvider; Reloading exchange rates from file currency.xml
INFO  - 2013-12-10 13:36:01.822; org.apache.solr.schema.FileExchangeRateProvider; Reloading exchange rates from file currency.xml
INFO  - 2013-12-10 13:36:02.022; org.apache.solr.core.SolrCore; solr.NRTCachingDirectoryFactory
INFO  - 2013-12-10 13:36:02.027; org.apache.solr.core.SolrCore; [collection1] Opening new SolrCore at /Users/xinghao/Downloads/solr-4.6.0/example/solr/collection1/, dataDir=/Users/xinghao/Downloads/solr-4.6.0/example/solr/collection1/data/
INFO  - 2013-12-10 13:36:02.043; org.apache.solr.core.JmxMonitoredMap; No JMX servers found, not exposing Solr information with JMX.
INFO  - 2013-12-10 13:36:02.046; org.apache.solr.core.SolrCore; [collection1] Added SolrEventListener for newSearcher: org.apache.solr.core.QuerySenderListener{queries=[]}
INFO  - 2013-12-10 13:36:02.046; org.apache.solr.core.SolrCore; [collection1] Added SolrEventListener for firstSearcher: org.apache.solr.core.QuerySenderListener{queries=[{q=static firstSearcher warming in solrconfig.xml}]}
INFO  - 2013-12-10 13:36:02.057; org.apache.solr.core.CachingDirectoryFactory; return new directory for /Users/xinghao/Downloads/solr-4.6.0/example/solr/collection1/data
INFO  - 2013-12-10 13:36:02.057; org.apache.solr.core.SolrCore; New index directory detected: old=null new=/Users/xinghao/Downloads/solr-4.6.0/example/solr/collection1/data/index/
INFO  - 2013-12-10 13:36:02.058; org.apache.solr.core.CachingDirectoryFactory; return new directory for /Users/xinghao/Downloads/solr-4.6.0/example/solr/collection1/data/index
INFO  - 2013-12-10 13:36:02.065; org.apache.solr.core.SolrCore; created json: solr.JSONResponseWriter
INFO  - 2013-12-10 13:36:02.066; org.apache.solr.core.SolrCore; adding lazy queryResponseWriter: solr.VelocityResponseWriter
INFO  - 2013-12-10 13:36:02.066; org.apache.solr.core.SolrCore; created velocity: solr.VelocityResponseWriter
INFO  - 2013-12-10 13:36:02.075; org.apache.solr.core.SolrCore; created xslt: solr.XSLTResponseWriter
INFO  - 2013-12-10 13:36:02.075; org.apache.solr.response.XSLTResponseWriter; xsltCacheLifetimeSeconds=5
INFO  - 2013-12-10 13:36:02.141; org.apache.solr.core.SolrCore; no updateRequestProcessorChain defined as default, creating implicit default
INFO  - 2013-12-10 13:36:02.148; org.apache.solr.core.RequestHandlers; created /select: solr.SearchHandler
INFO  - 2013-12-10 13:36:02.148; org.apache.solr.core.RequestHandlers; created /query: solr.SearchHandler
INFO  - 2013-12-10 13:36:02.150; org.apache.solr.core.RequestHandlers; created /get: solr.RealTimeGetHandler
INFO  - 2013-12-10 13:36:02.163; org.apache.solr.core.RequestHandlers; created /browse: solr.SearchHandler
INFO  - 2013-12-10 13:36:02.166; org.apache.solr.core.RequestHandlers; created /update: solr.UpdateRequestHandler
WARN  - 2013-12-10 13:36:02.204; org.apache.solr.core.SolrResourceLoader; Solr loaded a deprecated plugin/analysis class [solr.JsonUpdateRequestHandler]. Please consult documentation how to replace it accordingly.
INFO  - 2013-12-10 13:36:02.205; org.apache.solr.core.RequestHandlers; created /update/json: solr.JsonUpdateRequestHandler
WARN  - 2013-12-10 13:36:02.206; org.apache.solr.core.SolrResourceLoader; Solr loaded a deprecated plugin/analysis class [solr.CSVRequestHandler]. Please consult documentation how to replace it accordingly.
INFO  - 2013-12-10 13:36:02.207; org.apache.solr.core.RequestHandlers; created /update/csv: solr.CSVRequestHandler
INFO  - 2013-12-10 13:36:02.207; org.apache.solr.core.RequestHandlers; adding lazy requestHandler: solr.extraction.ExtractingRequestHandler
INFO  - 2013-12-10 13:36:02.207; org.apache.solr.core.RequestHandlers; created /update/extract: solr.extraction.ExtractingRequestHandler
INFO  - 2013-12-10 13:36:02.207; org.apache.solr.core.RequestHandlers; adding lazy requestHandler: solr.FieldAnalysisRequestHandler
INFO  - 2013-12-10 13:36:02.208; org.apache.solr.core.RequestHandlers; created /analysis/field: solr.FieldAnalysisRequestHandler
INFO  - 2013-12-10 13:36:02.214; org.apache.solr.core.RequestHandlers; adding lazy requestHandler: solr.DocumentAnalysisRequestHandler
INFO  - 2013-12-10 13:36:02.214; org.apache.solr.core.RequestHandlers; created /analysis/document: solr.DocumentAnalysisRequestHandler
INFO  - 2013-12-10 13:36:02.216; org.apache.solr.core.RequestHandlers; created /admin/: solr.admin.AdminHandlers
INFO  - 2013-12-10 13:36:02.218; org.apache.solr.core.RequestHandlers; created /admin/ping: solr.PingRequestHandler
INFO  - 2013-12-10 13:36:02.219; org.apache.solr.core.RequestHandlers; created /debug/dump: solr.DumpRequestHandler
INFO  - 2013-12-10 13:36:02.227; org.apache.solr.core.RequestHandlers; created /replication: solr.ReplicationHandler
INFO  - 2013-12-10 13:36:02.227; org.apache.solr.core.RequestHandlers; adding lazy requestHandler: solr.SearchHandler
INFO  - 2013-12-10 13:36:02.227; org.apache.solr.core.RequestHandlers; created /spell: solr.SearchHandler
INFO  - 2013-12-10 13:36:02.227; org.apache.solr.core.RequestHandlers; adding lazy requestHandler: solr.SearchHandler
INFO  - 2013-12-10 13:36:02.227; org.apache.solr.core.RequestHandlers; created /tvrh: solr.SearchHandler
INFO  - 2013-12-10 13:36:02.228; org.apache.solr.core.RequestHandlers; adding lazy requestHandler: org.apache.solr.handler.js.JavaScriptRequestHandler
INFO  - 2013-12-10 13:36:02.228; org.apache.solr.core.RequestHandlers; created /js: org.apache.solr.handler.js.JavaScriptRequestHandler
INFO  - 2013-12-10 13:36:02.228; org.apache.solr.core.RequestHandlers; adding lazy requestHandler: solr.SearchHandler
INFO  - 2013-12-10 13:36:02.228; org.apache.solr.core.RequestHandlers; created /terms: solr.SearchHandler
INFO  - 2013-12-10 13:36:02.228; org.apache.solr.core.RequestHandlers; adding lazy requestHandler: solr.SearchHandler
INFO  - 2013-12-10 13:36:02.228; org.apache.solr.core.RequestHandlers; created /elevate: solr.SearchHandler
INFO  - 2013-12-10 13:36:02.297; org.apache.solr.handler.loader.XMLLoader; xsltCacheLifetimeSeconds=60
INFO  - 2013-12-10 13:36:02.299; org.apache.solr.handler.loader.XMLLoader; xsltCacheLifetimeSeconds=60
INFO  - 2013-12-10 13:36:02.300; org.apache.solr.handler.loader.XMLLoader; xsltCacheLifetimeSeconds=60
INFO  - 2013-12-10 13:36:02.371; org.apache.solr.update.CommitTracker; Hard AutoCommit: if uncommited for 15000ms; 
INFO  - 2013-12-10 13:36:02.372; org.apache.solr.update.CommitTracker; Soft AutoCommit: disabled
INFO  - 2013-12-10 13:36:02.623; org.apache.solr.core.SolrDeletionPolicy; SolrDeletionPolicy.onInit: commits: num=1
	commit{dir=NRTCachingDirectory(org.apache.lucene.store.NIOFSDirectory@/Users/xinghao/Downloads/solr-4.6.0/example/solr/collection1/data/index lockFactory=org.apache.lucene.store.NativeFSLockFactory@17be3bb2; maxCacheMB=48.0 maxMergeSizeMB=4.0),segFN=segments_1,generation=1}
INFO  - 2013-12-10 13:36:02.623; org.apache.solr.core.SolrDeletionPolicy; newest commit generation = 1
INFO  - 2013-12-10 13:36:02.629; org.apache.solr.search.SolrIndexSearcher; Opening Searcher@c70856b main
INFO  - 2013-12-10 13:36:02.633; org.apache.solr.handler.component.SpellCheckComponent; Initializing spell checkers
INFO  - 2013-12-10 13:36:02.638; org.apache.solr.spelling.DirectSolrSpellChecker; init: {name=default,field=text,classname=solr.DirectSolrSpellChecker,distanceMeasure=internal,accuracy=0.5,maxEdits=2,minPrefix=1,maxInspections=5,minQueryLength=4,maxQueryFrequency=0.01}
INFO  - 2013-12-10 13:36:02.643; org.apache.solr.handler.component.SpellCheckComponent; No queryConverter defined, using default converter
INFO  - 2013-12-10 13:36:02.658; org.apache.solr.handler.component.QueryElevationComponent; Loading QueryElevation from: /Users/xinghao/Downloads/solr-4.6.0/example/solr/collection1/conf/elevate.xml
INFO  - 2013-12-10 13:36:02.704; org.apache.solr.handler.ReplicationHandler; Commits will be reserved for  10000
INFO  - 2013-12-10 13:36:02.704; org.apache.solr.core.QuerySenderListener; QuerySenderListener sending requests to Searcher@c70856b main{StandardDirectoryReader(segments_1:1:nrt)}
INFO  - 2013-12-10 13:36:02.705; org.apache.solr.core.CoreContainer; registering core: collection1
INFO  - 2013-12-10 13:36:02.707; org.apache.solr.servlet.SolrDispatchFilter; user.dir=/Users/xinghao/Downloads/solr-4.6.0/example
INFO  - 2013-12-10 13:36:02.707; org.apache.solr.servlet.SolrDispatchFilter; SolrDispatchFilter.init() done
INFO  - 2013-12-10 13:36:02.765; org.apache.solr.core.SolrCore; [collection1] webapp=null path=null params={event=firstSearcher&q=static+firstSearcher+warming+in+solrconfig.xml&distrib=false} hits=0 status=0 QTime=59 
INFO  - 2013-12-10 13:36:02.766; org.apache.solr.core.QuerySenderListener; QuerySenderListener done.
INFO  - 2013-12-10 13:36:02.766; org.apache.solr.handler.component.SpellCheckComponent$SpellCheckerListener; Loading spell index for spellchecker: default
INFO  - 2013-12-10 13:36:02.767; org.apache.solr.handler.component.SpellCheckComponent$SpellCheckerListener; Loading spell index for spellchecker: wordbreak
INFO  - 2013-12-10 13:36:02.767; org.apache.solr.core.SolrCore; [collection1] Registered new searcher Searcher@c70856b main{StandardDirectoryReader(segments_1:1:nrt)}
INFO  - 2013-12-10 13:36:02.823; org.eclipse.jetty.server.AbstractConnector; Started SocketConnector@0.0.0.0:8983
INFO  - 2013-12-10 13:37:25.906; org.apache.solr.servlet.SolrDispatchFilter; [admin] webapp=null path=/admin/cores params={indexInfo=false&_=1386643045902&wt=json} status=0 QTime=1 
INFO  - 2013-12-10 13:37:26.319; org.apache.solr.servlet.SolrDispatchFilter; [admin] webapp=null path=/admin/info/system params={_=1386643045924&wt=json} status=0 QTime=393 
INFO  - 2013-12-10 13:37:33.423; org.eclipse.jetty.server.Server; Graceful shutdown SocketConnector@0.0.0.0:8983
INFO  - 2013-12-10 13:37:33.425; org.eclipse.jetty.server.Server; Graceful shutdown o.e.j.w.WebAppContext{/solr,file:/Users/xinghao/Downloads/solr-4.6.0/example/solr-webapp/webapp/},/Users/xinghao/Downloads/solr-4.6.0/example/webapps/solr.war
INFO  - 2013-12-10 13:37:34.488; org.apache.solr.core.CoreContainer; Shutting down CoreContainer instance=715732941
INFO  - 2013-12-10 13:37:34.490; org.apache.solr.core.SolrCore; [collection1]  CLOSING SolrCore org.apache.solr.core.SolrCore@61697d14
INFO  - 2013-12-10 13:37:34.491; org.apache.solr.update.DirectUpdateHandler2; closing DirectUpdateHandler2{commits=0,autocommit maxTime=15000ms,autocommits=0,soft autocommits=0,optimizes=0,rollbacks=0,expungeDeletes=0,docsPending=0,adds=0,deletesById=0,deletesByQuery=0,errors=0,cumulative_adds=0,cumulative_deletesById=0,cumulative_deletesByQuery=0,cumulative_errors=0}
INFO  - 2013-12-10 13:37:34.491; org.apache.solr.update.SolrCoreState; Closing SolrCoreState
INFO  - 2013-12-10 13:37:34.491; org.apache.solr.update.DefaultSolrCoreState; SolrCoreState ref count has reached 0 - closing IndexWriter
INFO  - 2013-12-10 13:37:34.491; org.apache.solr.update.DefaultSolrCoreState; closing IndexWriter with IndexWriterCloser
INFO  - 2013-12-10 13:37:34.521; org.apache.solr.core.SolrCore; [collection1] Closing main searcher on request.
INFO  - 2013-12-10 13:37:34.522; org.apache.solr.core.CachingDirectoryFactory; Closing NRTCachingDirectoryFactory - 2 directories currently being tracked
INFO  - 2013-12-10 13:37:34.548; org.apache.solr.core.CachingDirectoryFactory; looking to close /Users/xinghao/Downloads/solr-4.6.0/example/solr/collection1/data [CachedDir<<refCount=0;path=/Users/xinghao/Downloads/solr-4.6.0/example/solr/collection1/data;done=false>>]
INFO  - 2013-12-10 13:37:34.549; org.apache.solr.core.CachingDirectoryFactory; Closing directory: /Users/xinghao/Downloads/solr-4.6.0/example/solr/collection1/data
INFO  - 2013-12-10 13:37:34.550; org.apache.solr.core.CachingDirectoryFactory; looking to close /Users/xinghao/Downloads/solr-4.6.0/example/solr/collection1/data/index [CachedDir<<refCount=0;path=/Users/xinghao/Downloads/solr-4.6.0/example/solr/collection1/data/index;done=false>>]
INFO  - 2013-12-10 13:37:34.550; org.apache.solr.core.CachingDirectoryFactory; Closing directory: /Users/xinghao/Downloads/solr-4.6.0/example/solr/collection1/data/index
INFO  - 2013-12-10 13:37:34.554; org.eclipse.jetty.server.handler.ContextHandler; stopped o.e.j.w.WebAppContext{/solr,file:/Users/xinghao/Downloads/solr-4.6.0/example/solr-webapp/webapp/},/Users/xinghao/Downloads/solr-4.6.0/example/webapps/solr.war
